<?xml version="1.0" encoding="UTF-8"?>
<!-- Generated by org.testng.reporters.JUnitReportReporter -->
<testsuite hostname="DESKTOP-BVTS9GR" failures="0" tests="1" name="com.todods.tests.AddTodoTest" time="9.194" errors="0" timestamp="2024-07-22T23:01:42 CEST" skipped="0">
  <testcase classname="com.todods.tests.AddTodoTest" name="iCanAddTodo" time="9.194"/>
  <system-out/>
</testsuite> <!-- com.todods.tests.AddTodoTest -->
